[debug] [2019-07-10T12:41:12.357Z] ----------------------------------------------------------------------
[debug] [2019-07-10T12:41:12.362Z] Command:       C:\Program Files\nodejs\node.exe C:\Users\H\AppData\Roaming\npm\node_modules\firebase-tools\lib\bin\firebase.js serve
[debug] [2019-07-10T12:41:12.362Z] CLI Version:   7.0.2
[debug] [2019-07-10T12:41:12.362Z] Platform:      win32
[debug] [2019-07-10T12:41:12.362Z] Node Version:  v12.6.0
[debug] [2019-07-10T12:41:12.364Z] Time:          Wed Jul 10 2019 16:41:12 GMT+0400 (GMT+04:00)
[debug] [2019-07-10T12:41:12.364Z] ----------------------------------------------------------------------
[debug] 
[debug] [2019-07-10T12:41:12.412Z] > command requires scopes: ["email","openid","https://www.googleapis.com/auth/cloudplatformprojects.readonly","https://www.googleapis.com/auth/firebase","https://www.googleapis.com/auth/cloud-platform"]
[debug] [2019-07-10T12:41:12.414Z] > authorizing via signed-in user
[debug] [2019-07-10T12:41:12.414Z] [iam] checking project event-finder-9d393 for permissions ["firebase.projects.get"]
[debug] [2019-07-10T12:41:12.418Z] > refreshing access token with scopes: ["email","https://www.googleapis.com/auth/cloud-platform","https://www.googleapis.com/auth/cloudplatformprojects.readonly","https://www.googleapis.com/auth/firebase","openid"]
[debug] [2019-07-10T12:41:12.418Z] >>> HTTP REQUEST POST https://www.googleapis.com/oauth2/v3/token  
 <request body omitted>
[debug] [2019-07-10T12:41:12.791Z] <<< HTTP RESPONSE 200
[debug] [2019-07-10T12:41:12.865Z] >>> HTTP REQUEST POST https://cloudresourcemanager.googleapis.com/v1/projects/event-finder-9d393:testIamPermissions  

[debug] [2019-07-10T12:41:14.239Z] <<< HTTP RESPONSE 200
[debug] [2019-07-10T12:41:14.241Z] >>> HTTP REQUEST GET https://cloudresourcemanager.googleapis.com/v1/projects/event-finder-9d393  
 
[debug] [2019-07-10T12:41:15.317Z] <<< HTTP RESPONSE 200
[info] 
[info] === Serving from 'C:\Users\H\Desktop\project'...
[info] 
[warn] !  Your requested "node" version "8" doesn't match your global version "12"
[debug] [2019-07-10T12:41:15.366Z] >>> HTTP REQUEST GET https://mobilesdk-pa.googleapis.com/v1/projects/481528828907/clients/_:getWebAppConfig  
 
[debug] [2019-07-10T12:41:15.368Z] >>> HTTP REQUEST GET https://mobilesdk-pa.googleapis.com/v1/projects/481528828907:getServerAppConfig  
 
[debug] [2019-07-10T12:41:15.822Z] <<< HTTP RESPONSE 200
[info] +  functions: Emulator started at http://localhost:5001
[debug] [2019-07-10T12:41:15.900Z] <<< HTTP RESPONSE 200
[info] i  functions: Watching "C:\Users\H\Desktop\project\functions" for Cloud Functions...
[info] i  hosting: Serving hosting files from: public
[info] +  hosting: Local server: http://localhost:5000
[debug] [2019-07-10T12:41:17.255Z] Functions runtime initialized.
[debug] [2019-07-10T12:41:17.255Z] Disabled runtime features: {"functions_config_helper":true,"network_filtering":true,"timeout":true,"memory_limiting":true,"protect_env":true,"admin_stubs":true}
[debug] [2019-07-10T12:41:18.171Z] firebase-admin has been stubbed.
